Hello (19) -- 12:07
 a dog in space (0) -- 12:09
 3 pictures of a dog in space (0) -- 12:10
Pictures of a dog in space (28) -- 12:11
 a dog in space (0) -- 12:11
a dog in space  (0) -- 12:15
 (35) -- 12:37
That's okay (27) -- 12:37
 (36) -- 12:38
 (93) -- 12:39
 (37) -- 12:40
Yo (17) -- 12:50
 (39) -- 13:04
 (32) -- 13:10
Hello, how are you doing? (45) -- 13:30
What's the difference between physics and chemistry? (216) -- 13:31
Who created you? (33) -- 13:34
Hello (19) -- 13:47
Hello, how are you doing? (44) -- 14:05
I need the rice recipe. (234) -- 14:06
Wot is your name? (54) -- 14:06
Notasho tozok kotwa na al CochemioAL (73) -- 14:20
Hello, what is your name? (53) -- 14:23
Hey Lou, how you doing? (47) -- 15:02
Who is Jesus Christ? (176) -- 17:17
I was a polite way of saying you're not paying me enough to do this (49) -- 17:27
beliko e pagdo e kilika (40) -- 17:29
Bama, wa o donyo unanayo wa hesanseje thousanda-i fosi mali natomiast unalone kwenye una enough Provided you learned and interested. You can check our old site which is linked bellow. (95) -- 17:29
Niziamn loca ona (50) -- 17:30
