Hello (21) -- 08:04
Hello (192) -- 08:05
Hello (151) -- 08:12
Njanela, sRyan, kwa hivi dywanwa Chairwa mba (592) -- 08:13
Hello, how are you doing? (21) -- 08:14
Why don't you reply when I say something longer? (56) -- 08:14
Ba y Leywasilo, Wa na huja dinafyica ka tanpa, (2019) -- 08:16
This is a very very very long message that I don't expect you to reply to (35) -- 08:26
Pa yw'r gwahaniaeth mewn ffysig a chymdeithas? (198) -- 08:27
F Fit ni Wazirani y eta Eldi deniyor Vigyera Mean. (2021) -- 08:28
Hello, this is the Voice Nudes. (106) -- 08:31
What is the difference between physics and chemistry in science? (89) -- 08:33
What is the difference between physics and chemistry in science? (105) -- 08:37
Indizezen manuno nganudanhaji. (429) -- 08:40
What is the philosophy of life? (84) -- 08:40
What's the difference between prokaryotic cells and eukaryotic cells? (113) -- 08:44
What's the difference between prokaryotic cells and eukaryotic cells? (129) -- 08:44
Who is Benjamin Franklin? (118) -- 09:01
What is he most know for? (54) -- 09:01
When was he born? (19) -- 09:01
Hey, how you doing? (20) -- 10:27
