What does it mean to philosophize? (66) -- 01:39
dirty microwave  (0) -- 02:11
Berezi veliise ay same inye (423) -- 02:29
Abeaye bayi,itu ba'une chetla live as 4 6 3 2 lekladau yehu 4 mi imagine (180) -- 02:29
The Renaissance periods data form what year to what year? (51) -- 02:31
What is prejudice? (61) -- 02:34
How to time a function in python (122) -- 02:44
What are the 13 fallacies proposed by Aristotle? (97) -- 04:17
Explain False Dilemma (125) -- 04:18
What are the 13 fallacies proposed by Aristotle? (97) -- 04:18
多謝您的觀看 (21) -- 04:19
What tribe was Prophet Muhammad born into? (23) -- 06:25
How many colours exists in the universe (28) -- 06:51
How many colours are within the visible spectrum of light (39) -- 06:53
5 fallacies of relevance (102) -- 08:24
5 causes of brain drain in relation to push factor (143) -- 08:26
Και λετώνω. (156) -- 11:29
Quel est ton nom? (13) -- 11:31
How to get the IP address of a website (58) -- 15:07
Mime type for ogg files (12) -- 15:29
Hello. (13) -- 16:30
Hello, how are you doing? (21) -- 16:34
Hello, how are you doing? (21) -- 16:38
Hey, how's it going? (16) -- 16:45
Hey, how's it going? (16) -- 16:46
Hello, how are you doing? (21) -- 16:50
Hey, what's up? (19) -- 16:51
Hey, what's going on? (20) -- 16:58
 dirty microwave (0) -- 17:23
Saka yang sani dah laso nishangi sanga Mayayo, has mixes Ishida jati yana lafamti Godi-toshi tanwy hoebi kilim engi baneeri umbe. (193) -- 17:30
Is it true that when you sell the air conditioner for a long time your skin becomes lighter in complexion (47) -- 17:31
Bato yuko, ein noget inofuwa chode ambayo yodolo senda eksilatika yonda naki manini, conte ilip compilation (2041) -- 17:31
Is it true that when you stay under the air conditioner for a long time your skin becomes lighter in complexion (54) -- 17:31
Dirty microwave (116) -- 17:33
dirty microwave  (0) -- 17:33
What can I eat together with beans porridge (95) -- 17:40
Yo (48) -- 19:10
Hey, how's it going? (16) -- 19:11
Mime type for mp3 (11) -- 19:12
И вот что, пока видео. (259) -- 19:16
Um, there's... (84) -- 19:27
I amb What you do when You don't have any ideas Milona (73) -- 19:29
What is sexy (40) -- 19:33
Sexy girls (58) -- 19:33
Sexy (78) -- 19:34
Sexy girls (79) -- 19:34
What is the meaning of sexy (151) -- 19:36
What is sexy (225) -- 19:36
What is sexy (755) -- 19:36
What is sexy (25) -- 19:37
What is the meaning of sexy (26) -- 19:38
Hey, what's up? How you doing? (23) -- 19:45
Çevre LGBT Léui Sory (371) -- 20:06
Otherwise, we often apply to with hospitals. (80) -- 20:06
This is a test. (40) -- 20:45
Hey, what's going on? (20) -- 20:51
Hey boo, how you doing? (18) -- 21:02
Hey (67) -- 21:35
Nafe Osaniyoje wa hoyombi yi zote... (366) -- 21:36
Baichaäterin you se onge guna afaye çi Volume halere? (2021) -- 21:36
Why did you time out? (26) -- 21:37
Yo (43) -- 22:32
Yo (2001) -- 22:33
