Hey siwa soy welsi (21) -- 09:56
Esei chiko edoda ika (47) -- 10:05
n (545) -- 10:07
Kitara si matu peke退 kele na OGG (123) -- 10:07
Who is Batman? (56) -- 10:25
It was good bro (20) -- 10:43
Hello (107) -- 10:44
Yo, what's up? (19) -- 10:46
You also. (16) -- 10:52
Yo, what's up? (19) -- 10:58
Hi. (13) -- 10:58
Yo, what's up? (19) -- 11:00
Hey, what's up? (19) -- 11:15
Yo (41) -- 11:24
Yo (63) -- 11:25
Yo (33) -- 11:25
Yo (11) -- 11:27
Hey, how you doing? (21) -- 11:31
Hi (93) -- 11:32
Hey, what's up? (19) -- 11:33
I feel like I'm alone. (95) -- 11:34
Na ora paralelut sen Okonitsi waliyo? (38) -- 11:38
생hala diyinyi? (515) -- 11:39
Wa hanayak rifle yan indera fizika kut (2015) -- 11:40
What is the definition of the word sexy? (36) -- 12:15
What is the definition of the word sexy? (28) -- 12:19
Hey, how's it going? (16) -- 12:21
Hey, how's it going? (16) -- 12:22
Hey, how's it going? (16) -- 12:23
What is the definition of life? (40) -- 13:03
Hey Joey, how's it going? (17) -- 13:21
Hilo, nchini ni Steven. Kwa hivyo ni nchini? (32) -- 13:26
Siw enoacoay. (120) -- 14:00
Njiye, pawe gritikwa? (2010) -- 14:00
Yo, how's it going? (16) -- 14:01
Hey, what's up? (19) -- 14:22
Hey, what's up? (22) -- 14:23
Hey, what's up? (19) -- 14:24
Hey, what's up? (22) -- 14:25
What is the time in America? (41) -- 14:32
What is the time in Australia? (42) -- 14:33
How to stop a function's execution after a specific amount of time in python (155) -- 14:39
Yo (11) -- 15:08
What is the difference between physics and chemistry? (80) -- 15:13
Write a shot easy on make up. (53) -- 15:14
Biyoloji ve fizik arasındaki fark nedir? (268) -- 15:15
What is the difference between biology and chemistry? (77) -- 15:17
I don't know what to eat this afternoon. (78) -- 15:59
What is your nickname? (14) -- 16:02
What is the definition of a nickname? (34) -- 16:02
Alfa, how you did? (20) -- 16:33
We can do so. (100) -- 16:34
What is the audio format for voice notes on WhatsApp (25) -- 16:36
What is the audio format for voice notes on WhatsApp? (25) -- 16:37
brown toyota corolla  (0) -- 16:41
apple tree  (0) -- 16:43
apple tree landscape  (0) -- 16:44
apple tree landscape  cloudy weather (0) -- 16:45
apple tree landscape rainy weather  (0) -- 16:46
apple tree landscape struck by lightning  (0) -- 16:47
apple tree landscape neon lights at night in tokyo  (0) -- 16:47
An poem about love (142) -- 16:56
How to get the return value after calling a function with the multiprocessing module (78) -- 17:43
Hey (47) -- 18:12
Write a long essay of about 1500 characters about the history of Microbiology. (400) -- 18:14
Write a long essay of about 1500 characters about the history of Microbiology. (444) -- 18:20
Write a long essay of about 1500 characters about the history of Microbiology. (446) -- 18:27
How to iterate in python with item and index (94) -- 18:43
Write a long essay of about 1500 characters about the history of Microbiology. (409) -- 19:02
Write a long essay of about 1500 characters about the history of microbiology. (402) -- 19:03
Write a long essay of about 1500 characters about the history of microbiology. (320) -- 19:12
Write a 500 word essay on Medicine. (550) -- 19:27
Baati yaco nilasare? (151) -- 20:06
Na kogilipoi tashamba? (55) -- 20:07
Okay, so let's hand that people. What do they do? (106) -- 20:08
pshini knwi shiga (49) -- 20:09
What are the advantages of being left handed? (152) -- 20:24
I feel pain on my right testicle and it extends upwards to my lower abdomen. What does it mean? (96) -- 21:18
