Yo (?) -- 14:10
Who is George Floyd? (55) -- 14:23
Who is George Floyd? (56) -- 14:25
Hu is Saint Augustine? (102) -- 14:36
Quel est ton nom? (14) -- 14:49
How to know if adding time to a date time object in python will increase it to the next day? (122) -- 15:25
Hello (110) -- 15:55
What is the time (65) -- 15:55
Why are you? (35) -- 15:55
Alright (33) -- 15:56
Hi (140) -- 15:58
Yo what's up (13) -- 15:59
Hi (105) -- 16:00
What is your name (12) -- 16:01
Abcdef (32) -- 16:04
Abced (30) -- 16:24
Yo (11) -- 16:28
Hi (276) -- 16:47
What's up (16) -- 16:47
Yo (153) -- 16:47
That's nice (158) -- 16:47
Okay (167) -- 16:47
Hwfr (139) -- 16:49
What's up (16) -- 16:55
Guy (13) -- 16:55
Hi (178) -- 16:59
How are you? (18) -- 16:59
How to compare to compare two dates in python (142) -- 17:13
The Nigerian national anthem (120) -- 19:53
