Hey what's going on? (19) -- 00:21
I'm doing great (13) -- 00:21
Who is Donald Trump? (46) -- 00:21
Hey what's going on? (19) -- 00:22
I'm doing great (13) -- 00:22
Who is Donald Trump? (60) -- 00:22
What do you know about the French Revolution (169) -- 00:22
Write a short essay on a random topic (338) -- 00:23
 beautiful trees in the sunset (0) -- 00:23
 lighthouse in the dark (0) -- 00:24
White Siamese cat drinking milk (75) -- 00:24
white siamese cat drinking milk  (0) -- 00:25
What is the difference? (59) -- 00:25
How does Nigeria generate it's electricity (60) -- 08:39
List the dams in Nigeria (75) -- 08:40
The dams in Nigeria are 5 (40) -- 08:41
List the dams in Nigeria that are used for power generation (82) -- 08:42
The dams in Nigeria are 6 (46) -- 08:42
Where in Emene located in Nigeria (38) -- 08:45
What is the effect of adding lecithin to water? (85) -- 11:32
What is the major difference between margarine and butter? (51) -- 11:33
What is an emulsion (132) -- 11:34
Differentiate between oil-in-water and water-in-oil emulsion (151) -- 11:35
Is palm oil soluble in cholroform (23) -- 11:50
Is oleic acid soluble in ether (22) -- 11:50
Is oleic acid soluble in acetone (24) -- 11:51
What can oleic acid dissolve in (41) -- 11:51
What is groundnut oil soluble in (26) -- 11:52
Is butyric acid soluble in ether? (23) -- 12:06
Is butyric acid soluble in acetone,ethanol and chloroform? (38) -- 12:07
Is stearic acid soluble in ether,water, acetone, chloroform and ethanol? (49) -- 12:08
Is Oleic acid soluble in ether water acetone chloroform and ethanol (41) -- 12:09
Is butter soluble in ether water acetone chloroform and ethanol? (36) -- 12:10
Is margarine soluble in ether water acetone chloroform and ethanol? (39) -- 12:11
Is olive oil soluble in ether water acetone chloroform and ethanol? (38) -- 12:12
Is groundnut oil soluble in ether water acetone chloroform and ethanol (38) -- 12:13
Is palm oil soluble in ether water acetone chloroform and ethanol (40) -- 12:13
Is lecithin soluble in ether water acetone chloroform and ethanol (43) -- 12:14
Chemical structure of oleic acid (142) -- 12:18
What does TCP stand for (16) -- 16:47
