Hello (12) -- 09:32
Njyo sfine – ondio fiso (49) -- 09:34
Merhaba, adın ne? (22) -- 09:34
Nomo fonto y unwe (23) -- 09:35
Hi. (13) -- 09:36
Who invented the printing press? (29) -- 09:36
Uganda di wae oath (70) -- 09:37
Who is the Vice Chancellor of the University of Nigeria? (28) -- 09:38
How are you? (19) -- 09:43
What's up with you? (19) -- 09:43
Can you build games with python? (73) -- 09:44
Can you build mobile apps with python (46) -- 09:44
Are you still coming up school? (19) -- 13:02
Na tuzo ili sunyi ndiyo ndiyo na kuhinyaga sily Writing In-D swap vanda ezaki (320) -- 16:50
Tinatoa juna bati hiyo mnidi ini yote unafikirwa, (217) -- 16:51
What is the best way to go about search engine optimization for your website? (168) -- 16:52
What can you build with beginner/intermediate knowledge of python, flask, SQL, C, JavaScript and CSS (141) -- 17:04
What is a lunar eclipse? (72) -- 20:36
What is a lunar eclipse (51) -- 20:36
Who is Bola Ahmed Tinubu (77) -- 20:37
 sunset landscape with birds (0) -- 20:38
