What is an abstract (79) -- 06:17
What is the difference between an abstract and a summary (101) -- 06:17
What is an abstract? (79) -- 06:18
What are the major differences between an abstract and a summary? (106) -- 06:18
What is a summary? (76) -- 06:19
Ask me a riddle (23) -- 08:05
Ask me another riddle (26) -- 08:05
Ask me another riddle (22) -- 08:06
Ask me a complicated riddle (30) -- 08:06
Ask me a riddle (24) -- 08:06
Ask me another riddle (21) -- 08:08
Ask me a riddle (23) -- 08:08
Ask me a riddle (27) -- 08:08
Ask me a riddle (25) -- 08:09
Ask me a riddle (32) -- 08:10
Ask me a riddle (22) -- 08:10
Ask me a riddle (24) -- 08:11
Ask me a riddle (27) -- 08:14
Ask me another riddle (27) -- 08:14
Ask me a ridele (13) -- 08:14
Ask me a riddle (30) -- 08:15
What's the begining of end and the end of time? (40) -- 08:15
Ask me a riddle (28) -- 08:16
Ask me a riddle (24) -- 08:16
Ask me a riddle (23) -- 08:17
Ask me a riddle (23) -- 08:17
What goes in hard and comes out wet and sticky? (17) -- 08:17
Tell me a riddle (24) -- 08:18
Tell me a riddle (32) -- 08:18
Tell me a riddle (24) -- 08:21
Tell me a riddle (22) -- 08:21
Tell me a riddle (36) -- 08:21
Tell me a riddle (25) -- 08:21
Tell me a riddle (24) -- 08:21
Tell me a riddle (24) -- 08:22
Tell me a riddle (23) -- 08:22
Tell me a riddle (26) -- 08:22
Tell me a riddle (32) -- 08:22
Tell me a riddle (39) -- 08:22
