List of animals/insects that live in wood (121) -- 07:21
List of insects that live in wood (124) -- 07:23
why am I getting random request to my server for sensitive files (75) -- 07:30
How to add a directory to PATH on linux (123) -- 08:22
pronounce status (46) -- 08:31
List of insects that live in wood and are loud (76) -- 10:09
Life span of fruit flies (20) -- 10:10
Do fruit flies bite? (27) -- 10:11
Do fruit flies sting? (15) -- 10:11
If I get drunk by 10 p.m. will I still have a hangover by 10 a.m. the next morning (100) -- 11:30
Who is Drake? (109) -- 13:31
Hello (58) -- 16:26
How is the weather today? (28) -- 16:27
Hey, how you doing today? (21) -- 17:39
Hey, what's up? How you doing? (31) -- 17:43
Ads (37) -- 17:44
Why is music so nice to listen to? (70) -- 17:45
 sunset setting by the beach (0) -- 17:47
 trees in the wind (0) -- 17:49
pgrep -f "python -u /home/nordalign/test_web/cleaner.py" (64) -- 18:13
 7 ways to reduce screen time according to a psychologist (0) -- 21:30
