Are strawberries berries? (16) -- 06:18
List of berry fruits (60) -- 06:18
List the types of fruit with examples (89) -- 06:19
What type of fruit is a tomatoes? (37) -- 06:19
Who own ThinkPad (40) -- 07:36
What are the steps involved in getting your brand trademarked in the US (198) -- 07:37
Do you understand Pidgin English? (19) -- 07:45
Tell me about this website braintext.io (99) -- 08:41
What are the contents of this webpage https://braintext.io#services (105) -- 08:42
Give me a list of companies and websites that offer WhatsApp business API (233) -- 08:46
bash command to list all sleeping processes (16) -- 12:26
what should you do when you  notice an unknow command running on your Linux system (124) -- 12:28
I identified a weird command running on my Linux server, it was using almost all of my CPU. I stopped it and after a few hours, I noticed it was still running. what should I do? (143) -- 12:32
what does "Sl" mean in processes listed with ps (48) -- 12:35
linux command to search for file or folder in the entire file system (64) -- 15:52
linux command to list all zombie processes (43) -- 15:56
Write an interesting, educating and attention-grabbing intro for the article Zcash price prediction for 2023, 2024, 2025 - 2030 and beyond (172) -- 16:32
vs code command to preview markdown files (29) -- 17:29
Parallel Requests Design a mechanism to handle parallel requests, maximizing the usage of the API's data processing capabilities. Utilize asynchronous or mt programming techniques to manage simultaneous API calls.  What does the 3rd sentence mean? (143) -- 17:32
is it necessary to physically write out tasks and activities to be focused and organized? (80) -- 18:59
is it necessary to write out tasks and activities either physically or digitally to be focused and organized? (76) -- 19:00
what does it mean to deserialize in computer science (66) -- 19:05
What does it mean to serialize an object in python (96) -- 19:06
If I use my saliva as lubricant during coitus, can increase risk of a UTI (93) -- 20:41
Tell me about yeast infections (89) -- 20:45
Differentiate between a UTI and a yeast infection. (130) -- 20:55
is it possible to start playing a gif at a different time with JavaScript (99) -- 23:12
are video tags self closing? (18) -- 23:14
