What is the continuum viewpoint in thermodynamics. I don't understand 😕 (97) -- 08:55
Swollen foot with sharp pain under (166) -- 10:02
Swollen foot with sharp pain under the foot arc (113) -- 10:04
Swollen foot with sharp pain under the foot arc after long sitting (97) -- 10:04
What's up with you? (19) -- 19:51
Contrast the Westphalian-based global governance paradigm with the legal pluralism paradigm of the 21st century in 500 words (?) -- 19:55
Contrast the Westphalian-based global governance paradigm with the legal pluralism paradigm of the 21st century in 500 words (558) -- 20:00
Contrast the Westphalian-based global governance paradigm with the legal pluralism paradigm of the 21st century in 5000 words (767) -- 20:03
Contrast the Westphalian-based global governance paradigm with the legal pluralism paradigm of the 21st century in 5000 words (1158) -- 20:03
Contrast the Westphalian-based global governance paradigm with the legal pluralism paradigm of the 21st century in 500 words (?) -- 20:06
Contrast the Westphalian-based global governance paradigm with the legal pluralism paradigm of the 21st century in 500 words (?) -- 20:13
Contrast the Westphalian-based global governance paradigm with the legal pluralism paradigm of the 21st century in 500 words (?) -- 20:16
the Westphalian-based global governance paradigm with the legal pluralism paradigm of the 21st century in 500 words (?) -- 20:28
Are drugs meant to be stored in the bathroom or toilet? (63) -- 20:29
Where should you store drugs? (38) -- 20:29
Are sanitary towels meant to be stored in the bathroom or toilet? (57) -- 20:30
Contrast the Westphalian-based global governance paradigm with the legal pluralism paradigm of the 21st century in 500 words (?) -- 20:44
Contrast the Westphalian-based global governance paradigm with the legal pluralism paradigm of the 21st century in 500 words (?) -- 20:45
Hello (52) -- 20:45
Contrast the Westphalian-based global governance paradigm with the legal pluralism paradigm of the 21st century in 500 words (?) -- 20:47
Contrast the Westphalian-based global governance paradigm with the legal pluralism paradigm of the 21st century in 500 words (399) -- 20:49
Contrast the Westphalian-based global governance paradigm with the legal pluralism paradigm of the 21st century in 500 words (448) -- 20:56
Contrast the Westphalian-based global governance paradigm with the legal pluralism paradigm of the 21st century in 500 words (414) -- 21:51
Contrast the Westphalian-based global governance paradigm with the legal pluralism paradigm of the 21st century in 500 words (594) -- 21:56
Contrast the Westphalian-based global governance paradigm with the legal pluralism paradigm of the 21st century in 500 words (410) -- 21:56
