What are eutetic mixtures (80) -- 06:47
Explain the four stages of recrystallization (140) -- 07:02
Explain the four stages of repistillization. (214) -- 07:02
upa, Kafambu ni asunetho asar njän wa ch pré? (164) -- 07:13
reayan pita is hot tla (67) -- 07:14
What is another name for aspirin? (22) -- 07:14
Briefly explain acetylation (98) -- 07:18
What are osazones (56) -- 08:08
NaOX is an example of what type of compound (26) -- 08:09
What is the theory behind the synthesis of iodoform (102) -- 08:09
What is a diazonium salt (53) -- 08:40
What is an aniline (70) -- 08:45
The formula for Acetinilide (15) -- 08:59
The formula for aniline (85) -- 09:00
Formula for acetic anhydride (27) -- 09:01
Structure of salicylic acid (99) -- 09:02
Explain the synthesis of iodoform (154) -- 09:03
Formula for salicylic acid (25) -- 09:04
Formula for acetylsalicylic acid (35) -- 09:04
Formula for beta-naphthol (28) -- 09:05
Formula for phenyl-azo-beta-naphthol (41) -- 09:07
How to seal capillary tube to determine melting point of compounds (154) -- 10:12
What is Buchner funnel (106) -- 14:08
Formula for silver melate (21) -- 14:32
Formula for silver melate (34) -- 14:33
