Average power for household appliances (80) -- 09:19
Power for commercial freezer (52) -- 09:20
Hello sir (10) -- 14:30
Howdy (24) -- 17:51
Electronic configuration of Copper (23) -- 17:53
What is the electronic configuration of Copper in full (23) -- 17:53
What is the electronic configuration of Argon (31) -- 17:53
What screening effect is experienced by an electron whose quantum numbers are given as n=3 l=1 m=0 s=+1/2, if such electron is the last to enter a given atom, why ? (124) -- 18:04
explain the Vibrio equation in chemistry (137) -- 19:28
Explain the virial equation (165) -- 19:29
How to find power of an appliance with its voltage and frequency (98) -- 19:32
How to get the impedance of an appliance (74) -- 19:33
Power of a commercial freezer (58) -- 19:34
1 hp in Watts (10) -- 19:35
Power of microwave (29) -- 19:36
Power of standing fan (20) -- 19:37
Show the solving for an electron with the following quantum numbers n=3 l=1 m=0 s=+1/2 (69) -- 20:23
What is the lifespan of a war eagle? (39) -- 20:29
Life span of a wall gecko (23) -- 20:30
Lifespan of a bee. (55) -- 20:32
Kwa nafigan anibelia kweze yan? (292) -- 20:34
Wane a bee zi so importanti ze ecosystem? (84) -- 20:35
