What is a speciist? (47) -- 05:47
Why hello there (14) -- 11:36
 (165) -- 11:37
Mumu (106) -- 11:37
 (85) -- 11:38
Jesus🤦‍♀️ (38) -- 11:38
Rest🙂🖕🏼 (30) -- 11:38
Can an iron surface keep microbes (64) -- 11:39
Can a polished iron surface keep microbes (34) -- 11:40
Can a polished iron surface keep microbes more than the surface of the palm (78) -- 11:40
what's the best way to teach an non-programmer how to use git and GitHub (211) -- 11:46
How to increase an image dpi on Photoshop (106) -- 12:25
how to change canvas size of an already existing photoshop project (120) -- 12:33
 cat painting in picasso style (0) -- 14:32
Who the fuck is Leonardo da Vinci? (124) -- 14:34
How much does watching a 30 second ad cost (51) -- 14:53
Who is Drake? (88) -- 15:05
How much is Elon Musk worth? (27) -- 15:06
 painting of messi holding the world cup in picasso style (0) -- 15:09
 oil painting of ronaldo scoring a bicycle kick (0) -- 15:11
Hey what's good (80) -- 15:39
List of villages in Nsukka (148) -- 18:07
What village is the university of Nigeria located in (27) -- 18:08
What are merge conflicts (111) -- 18:59
Easiest way to fix merge conflicts (74) -- 19:00
