Maestro meaning (50) -- 09:21
What is the name of Rihanna's beauty line (17) -- 10:34
What determines a person's level of confidence? (56) -- 14:38
 sunset setting of the sea with a lighthouse in the background (0) -- 14:50
 people walking in a busy street (0) -- 14:57
 night street photography (0) -- 14:57
 night street photography (0) -- 14:58
 nigeria street (0) -- 14:58
 police arrest a citizen outside his car (0) -- 15:01
 university of nigeria nsukka (0) -- 15:02
 morning sunrise with bird on the tree (0) -- 15:03
I want to politely decline an offer from a client because he's charging to low What should I say (80) -- 16:35
How to make git stop tracking a file (63) -- 18:32
List databases mongodb (61) -- 19:13
command to list databases in mongodb (27) -- 19:13
select statement in mongodb shell (16) -- 19:14
command to list collections in mongodb shell (14) -- 19:15
I have a project, a website. I want to create a kind of test portal where I'll implement new features before I then push them to the main website. I want the test portal to be a complete clone of the main site but it can't be git branch because the two websites have to be running at the same time and they share a lot of files so there will be a lot of merge conflicts. What is the best way to implement this test portal (204) -- 19:20
yeast infection (68) -- 19:46
can wearing sanitary pads for a long time cause yeast infection (60) -- 19:47
yeast infection causes (67) -- 19:48
yeast infection symptoms in detail (108) -- 19:49
how does itching and burning feel (55) -- 19:50
Itching and burning in the vagina and vulva (104) -- 19:52
Itching and burning in the vagina and vulva (124) -- 19:52
bacterial vaginosis (83) -- 19:53
trichomoniasis (126) -- 19:53
Swelling and redness in the vagina and vulva, Itching and burning in the vagina and vulva, (168) -- 19:55
irritation from a foreign object in the ulva (106) -- 19:56
irritation from a foreign object in the vulva (91) -- 19:56
Is it possible for two git repos to communicate with each other (72) -- 20:02
It is possible for two remote repos to communicate with each other (79) -- 20:03
Is it possible for two different remote repos to communicate with each other? (80) -- 20:04
What does MRI mean? (57) -- 21:03
