What is the difference  between  chemical  equations  and structural  equations (83) -- 00:03
Hey you, AI also... (43) -- 00:04
Hello, what's up nigga? How you doing? (26) -- 00:04
Oh, what's up, me girl? Good morning. What's going on? (36) -- 00:05
Another name for osazone (14) -- 00:30
Chemical name for osazone (22) -- 00:30
Aldehyde (97) -- 01:06
Ketone (103) -- 01:15
Formation of aldehyde (108) -- 01:20
Steps in the production  of iodine (171) -- 01:24
Formation of iodoform (157) -- 01:31
Steps involved in the formation of iodoform (100) -- 01:32
What is love (46) -- 01:37
What is the major difference  between  fractional  and simple  distillation (114) -- 01:44
Activated carbon (166) -- 01:45
Chromatography (125) -- 01:46
Saponification (226) -- 02:42
Define biology (36) -- 09:51
CooH stands for (43) -- 18:45
What is the name of the functional group CHO (22) -- 18:47
